<?xml version="1.0" encoding="UTF-8"?>
<testng-results ignored="0" total="1" passed="1" failed="0" skipped="0">
  <reporter-output>
  </reporter-output>
  <suite started-at="2023-05-10T13:50:48 IST" name="Default suite" finished-at="2023-05-10T13:50:58 IST" duration-ms="10222">
    <groups>
    </groups>
    <test started-at="2023-05-10T13:50:48 IST" name="Default test" finished-at="2023-05-10T13:50:58 IST" duration-ms="10222">
      <class name="APIrequests.GETRequest_1">
        <test-method signature="testGETRequest()[pri:0, instance:APIrequests.GETRequest_1@1b1473ab]" started-at="2023-05-10T13:50:49 IST" name="testGETRequest" finished-at="2023-05-10T13:50:58 IST" duration-ms="9895" status="PASS">
          <reporter-output>
          </reporter-output>
        </test-method> <!-- testGETRequest -->
      </class> <!-- APIrequests.GETRequest_1 -->
    </test> <!-- Default test -->
  </suite> <!-- Default suite -->
</testng-results>
